<?xml version="1.0" ?>
<!DOCTYPE coverage
  SYSTEM 'http://cobertura.sourceforge.net/xml/coverage-03.dtd'>
<coverage branch-rate="0" line-rate="0.9331" timestamp="1421410992268" version="3.7.1">
	<!-- Generated by coverage.py: http://nedbatchelder.com/code/coverage -->
	<packages>
		<package branch-rate="0" complexity="0" line-rate="0.9331" name="">
			<classes>
				<class branch-rate="0" complexity="0" filename="/opt/foobar/foobar/__init__.py" line-rate="0" name="/opt/foobar/foobar/__init__">
					<methods/>
					<lines/>
				</class>
				<class branch-rate="0" complexity="0" filename="/opt/foobar/foobar/app.py" line-rate="0.9394" name="/opt/foobar/foobar/app">
					<methods/>
					<lines>
						<line hits="1" number="2"/>
						<line hits="1" number="3"/>
						<line hits="1" number="5"/>
						<line hits="1" number="6"/>
						<line hits="1" number="7"/>
						<line hits="1" number="15"/>
						<line hits="1" number="18"/>
						<line hits="1" number="24"/>
						<line hits="1" number="25"/>
						<line hits="1" number="26"/>
						<line hits="1" number="27"/>
						<line hits="1" number="28"/>
						<line hits="1" number="29"/>
						<line hits="1" number="32"/>
						<line hits="1" number="33"/>
						<line hits="1" number="34"/>
						<line hits="1" number="35"/>
						<line hits="1" number="36"/>
						<line hits="1" number="37"/>
						<line hits="1" number="38"/>
						<line hits="1" number="39"/>
						<line hits="1" number="40"/>
						<line hits="1" number="43"/>
						<line hits="1" number="44"/>
						<line hits="1" number="45"/>
						<line hits="1" number="46"/>
						<line hits="1" number="49"/>
						<line hits="1" number="50"/>
						<line hits="0" number="52"/>
						<line hits="0" number="53"/>
						<line hits="1" number="54"/>
						<line hits="1" number="55"/>
						<line hits="1" number="56"/>
					</lines>
				</class>
				<class branch-rate="0" complexity="0" filename="/opt/foobar/foobar/assets.py" line-rate="1" name="/opt/foobar/foobar/assets">
					<methods/>
					<lines>
						<line hits="1" number="2"/>
						<line hits="1" number="4"/>
						<line hits="1" number="11"/>
						<line hits="1" number="19"/>
						<line hits="1" number="21"/>
						<line hits="1" number="22"/>
					</lines>
				</class>
				<class branch-rate="0" complexity="0" filename="/opt/foobar/foobar/compat.py" line-rate="0.6429" name="/opt/foobar/foobar/compat">
					<methods/>
					<lines>
						<line hits="1" number="2"/>
						<line hits="1" number="5"/>
						<line hits="1" number="7"/>
						<line hits="1" number="9"/>
						<line hits="1" number="10"/>
						<line hits="1" number="11"/>
						<line hits="1" number="12"/>
						<line hits="1" number="13"/>
						<line hits="1" number="14"/>
						<line hits="0" number="16"/>
						<line hits="0" number="17"/>
						<line hits="0" number="18"/>
						<line hits="0" number="19"/>
						<line hits="0" number="20"/>
					</lines>
				</class>
				<class branch-rate="0" complexity="0" filename="/opt/foobar/foobar/database.py" line-rate="0.8182" name="/opt/foobar/foobar/database">
					<methods/>
					<lines>
						<line hits="1" number="2"/>
						<line hits="1" number="5"/>
						<line hits="1" number="7"/>
						<line hits="1" number="8"/>
						<line hits="1" number="11"/>
						<line hits="1" number="12"/>
						<line hits="1" number="14"/>
						<line hits="1" number="19"/>
						<line hits="1" number="22"/>
						<line hits="1" number="23"/>
						<line hits="1" number="25"/>
						<line hits="0" number="27"/>
						<line hits="0" number="28"/>
						<line hits="0" number="29"/>
						<line hits="1" number="31"/>
						<line hits="1" number="33"/>
						<line hits="1" number="34"/>
						<line hits="1" number="35"/>
						<line hits="1" number="36"/>
						<line hits="1" number="38"/>
						<line hits="0" number="40"/>
						<line hits="0" number="41"/>
						<line hits="1" number="43"/>
						<line hits="1" number="45"/>
						<line hits="1" number="49"/>
						<line hits="1" number="53"/>
						<line hits="1" number="55"/>
						<line hits="1" number="57"/>
						<line hits="1" number="59"/>
						<line hits="1" number="63"/>
						<line hits="0" number="64"/>
						<line hits="1" number="67"/>
						<line hits="1" number="75"/>
					</lines>
				</class>
				<class branch-rate="0" complexity="0" filename="/opt/foobar/foobar/extensions.py" line-rate="1" name="/opt/foobar/foobar/extensions">
					<methods/>
					<lines>
						<line hits="1" number="2"/>
						<line hits="1" number="6"/>
						<line hits="1" number="7"/>
						<line hits="1" number="9"/>
						<line hits="1" number="10"/>
						<line hits="1" number="12"/>
						<line hits="1" number="13"/>
						<line hits="1" number="15"/>
						<line hits="1" number="16"/>
						<line hits="1" number="18"/>
						<line hits="1" number="19"/>
						<line hits="1" number="21"/>
						<line hits="1" number="22"/>
					</lines>
				</class>
				<class branch-rate="0" complexity="0" filename="/opt/foobar/foobar/public/__init__.py" line-rate="1" name="/opt/foobar/foobar/public/__init__">
					<methods/>
					<lines>
						<line hits="1" number="2"/>
						<line hits="1" number="4"/>
					</lines>
				</class>
				<class branch-rate="0" complexity="0" filename="/opt/foobar/foobar/public/forms.py" line-rate="0.96" name="/opt/foobar/foobar/public/forms">
					<methods/>
					<lines>
						<line hits="1" number="1"/>
						<line hits="1" number="2"/>
						<line hits="1" number="3"/>
						<line hits="1" number="5"/>
						<line hits="1" number="7"/>
						<line hits="1" number="8"/>
						<line hits="1" number="9"/>
						<line hits="1" number="11"/>
						<line hits="1" number="12"/>
						<line hits="1" number="13"/>
						<line hits="1" number="15"/>
						<line hits="1" number="16"/>
						<line hits="1" number="17"/>
						<line hits="0" number="18"/>
						<line hits="1" number="20"/>
						<line hits="1" number="21"/>
						<line hits="1" number="22"/>
						<line hits="1" number="23"/>
						<line hits="1" number="25"/>
						<line hits="1" number="26"/>
						<line hits="1" number="27"/>
						<line hits="1" number="29"/>
						<line hits="1" number="30"/>
						<line hits="1" number="31"/>
						<line hits="1" number="32"/>
					</lines>
				</class>
				<class branch-rate="0" complexity="0" filename="/opt/foobar/foobar/public/views.py" line-rate="0.9474" name="/opt/foobar/foobar/public/views">
					<methods/>
					<lines>
						<line hits="1" number="2"/>
						<line hits="1" number="3"/>
						<line hits="1" number="5"/>
						<line hits="1" number="7"/>
						<line hits="1" number="8"/>
						<line hits="1" number="9"/>
						<line hits="1" number="10"/>
						<line hits="1" number="11"/>
						<line hits="1" number="12"/>
						<line hits="1" number="14"/>
						<line hits="1" number="16"/>
						<line hits="1" number="18"/>
						<line hits="1" number="21"/>
						<line hits="1" number="23"/>
						<line hits="1" number="25"/>
						<line hits="1" number="26"/>
						<line hits="1" number="27"/>
						<line hits="1" number="28"/>
						<line hits="1" number="29"/>
						<line hits="1" number="30"/>
						<line hits="1" number="32"/>
						<line hits="1" number="33"/>
						<line hits="1" number="35"/>
						<line hits="1" number="36"/>
						<line hits="1" number="38"/>
						<line hits="1" number="39"/>
						<line hits="1" number="40"/>
						<line hits="1" number="42"/>
						<line hits="1" number="44"/>
						<line hits="1" number="45"/>
						<line hits="1" number="46"/>
						<line hits="1" number="50"/>
						<line hits="1" number="51"/>
						<line hits="1" number="53"/>
						<line hits="1" number="54"/>
						<line hits="1" number="56"/>
						<line hits="0" number="58"/>
						<line hits="0" number="59"/>
					</lines>
				</class>
				<class branch-rate="0" complexity="0" filename="/opt/foobar/foobar/settings.py" line-rate="1" name="/opt/foobar/foobar/settings">
					<methods/>
					<lines>
						<line hits="1" number="2"/>
						<line hits="1" number="4"/>
						<line hits="1" number="6"/>
						<line hits="1" number="7"/>
						<line hits="1" number="8"/>
						<line hits="1" number="9"/>
						<line hits="1" number="10"/>
						<line hits="1" number="11"/>
						<line hits="1" number="12"/>
						<line hits="1" number="13"/>
						<line hits="1" number="14"/>
						<line hits="1" number="17"/>
						<line hits="1" number="19"/>
						<line hits="1" number="20"/>
						<line hits="1" number="21"/>
						<line hits="1" number="22"/>
						<line hits="1" number="25"/>
						<line hits="1" number="27"/>
						<line hits="1" number="28"/>
						<line hits="1" number="29"/>
						<line hits="1" number="31"/>
						<line hits="1" number="32"/>
						<line hits="1" number="33"/>
						<line hits="1" number="34"/>
						<line hits="1" number="35"/>
						<line hits="1" number="38"/>
						<line hits="1" number="39"/>
						<line hits="1" number="40"/>
						<line hits="1" number="41"/>
						<line hits="1" number="42"/>
						<line hits="1" number="43"/>
					</lines>
				</class>
				<class branch-rate="0" complexity="0" filename="/opt/foobar/foobar/user/__init__.py" line-rate="1" name="/opt/foobar/foobar/user/__init__">
					<methods/>
					<lines>
						<line hits="1" number="3"/>
					</lines>
				</class>
				<class branch-rate="0" complexity="0" filename="/opt/foobar/foobar/user/forms.py" line-rate="1" name="/opt/foobar/foobar/user/forms">
					<methods/>
					<lines>
						<line hits="1" number="1"/>
						<line hits="1" number="2"/>
						<line hits="1" number="3"/>
						<line hits="1" number="5"/>
						<line hits="1" number="7"/>
						<line hits="1" number="8"/>
						<line hits="1" number="10"/>
						<line hits="1" number="12"/>
						<line hits="1" number="14"/>
						<line hits="1" number="17"/>
						<line hits="1" number="18"/>
						<line hits="1" number="19"/>
						<line hits="1" number="21"/>
						<line hits="1" number="22"/>
						<line hits="1" number="23"/>
						<line hits="1" number="24"/>
						<line hits="1" number="25"/>
						<line hits="1" number="26"/>
						<line hits="1" number="27"/>
						<line hits="1" number="28"/>
						<line hits="1" number="29"/>
						<line hits="1" number="30"/>
						<line hits="1" number="31"/>
						<line hits="1" number="32"/>
						<line hits="1" number="33"/>
					</lines>
				</class>
				<class branch-rate="0" complexity="0" filename="/opt/foobar/foobar/user/models.py" line-rate="0.9444" name="/opt/foobar/foobar/user/models">
					<methods/>
					<lines>
						<line hits="1" number="2"/>
						<line hits="1" number="4"/>
						<line hits="1" number="6"/>
						<line hits="1" number="7"/>
						<line hits="1" number="17"/>
						<line hits="1" number="18"/>
						<line hits="1" number="19"/>
						<line hits="1" number="20"/>
						<line hits="1" number="21"/>
						<line hits="1" number="23"/>
						<line hits="1" number="24"/>
						<line hits="1" number="26"/>
						<line hits="0" number="27"/>
						<line hits="1" number="29"/>
						<line hits="1" number="31"/>
						<line hits="1" number="32"/>
						<line hits="1" number="33"/>
						<line hits="1" number="35"/>
						<line hits="1" number="36"/>
						<line hits="1" number="37"/>
						<line hits="1" number="38"/>
						<line hits="1" number="39"/>
						<line hits="1" number="40"/>
						<line hits="1" number="42"/>
						<line hits="1" number="43"/>
						<line hits="1" number="44"/>
						<line hits="1" number="45"/>
						<line hits="1" number="47"/>
						<line hits="1" number="49"/>
						<line hits="1" number="50"/>
						<line hits="1" number="52"/>
						<line hits="1" number="53"/>
						<line hits="1" number="55"/>
						<line hits="1" number="57"/>
						<line hits="1" number="59"/>
						<line hits="0" number="60"/>
					</lines>
				</class>
				<class branch-rate="0" complexity="0" filename="/opt/foobar/foobar/user/views.py" line-rate="1" name="/opt/foobar/foobar/user/views">
					<methods/>
					<lines>
						<line hits="1" number="2"/>
						<line hits="1" number="3"/>
						<line hits="1" number="5"/>
						<line hits="1" number="9"/>
						<line hits="1" number="10"/>
						<line hits="1" number="12"/>
					</lines>
				</class>
				<class branch-rate="0" complexity="0" filename="/opt/foobar/foobar/utils.py" line-rate="1" name="/opt/foobar/foobar/utils">
					<methods/>
					<lines>
						<line hits="1" number="2"/>
						<line hits="1" number="3"/>
						<line hits="1" number="5"/>
						<line hits="1" number="7"/>
						<line hits="1" number="8"/>
						<line hits="1" number="9"/>
					</lines>
				</class>
			</classes>
		</package>
	</packages>
</coverage>
